TN:
SF:database.js
FNF:0
FNH:0
DA:1,0
DA:3,0
DA:11,0
DA:13,0
LF:4
LH:0
BRF:0
BRH:0
end_of_record
TN:
SF:index.js
FN:10,(anonymous_0)
FNF:1
FNH:0
FNDA:0,(anonymous_0)
DA:3,0
DA:4,0
DA:6,0
DA:9,0
DA:10,0
DA:11,0
LF:6
LH:0
BRDA:9,0,0,0
BRDA:9,0,1,0
BRF:2
BRH:0
end_of_record
TN:
SF:jest.config.js
FNF:0
FNH:0
DA:1,0
LF:1
LH:0
BRF:0
BRH:0
end_of_record
TN:
SF:server.js
FNF:0
FNH:0
DA:1,0
DA:2,0
DA:3,0
DA:5,0
DA:8,0
DA:13,0
DA:14,0
DA:16,0
DA:17,0
DA:19,0
DA:21,0
LF:11
LH:0
BRF:0
BRH:0
end_of_record
TN:
SF:controller/appController.js
FN:5,(anonymous_0)
FN:6,(anonymous_1)
FN:15,(anonymous_2)
FN:23,(anonymous_3)
FN:32,(anonymous_4)
FN:33,(anonymous_5)
FN:40,(anonymous_6)
FN:41,(anonymous_7)
FN:48,(anonymous_8)
FN:49,(anonymous_9)
FNF:10
FNH:8
FNDA:2,(anonymous_0)
FNDA:2,(anonymous_1)
FNDA:3,(anonymous_2)
FNDA:0,(anonymous_3)
FNDA:2,(anonymous_4)
FNDA:2,(anonymous_5)
FNDA:2,(anonymous_6)
FNDA:0,(anonymous_7)
FNDA:2,(anonymous_8)
FNDA:2,(anonymous_9)
DA:3,1
DA:5,1
DA:6,2
DA:7,2
DA:8,2
DA:9,1
DA:10,2
DA:11,2
DA:15,1
DA:16,3
DA:18,0
DA:20,0
DA:23,0
DA:25,0
DA:26,0
DA:27,0
DA:32,1
DA:33,2
DA:34,2
DA:35,1
DA:36,2
DA:40,1
DA:41,2
DA:42,0
DA:43,0
DA:44,0
DA:48,1
DA:49,2
DA:50,2
DA:51,1
DA:52,2
LF:31
LH:22
BRDA:8,0,0,1
BRDA:8,0,1,1
BRDA:18,1,0,0
BRDA:18,1,1,0
BRDA:18,2,0,0
BRDA:18,2,1,0
BRDA:25,3,0,0
BRDA:25,3,1,0
BRDA:34,4,0,1
BRDA:34,4,1,1
BRDA:42,5,0,0
BRDA:42,5,1,0
BRDA:50,6,0,1
BRDA:50,6,1,1
BRF:14
BRH:6
end_of_record
TN:
SF:model/appModel.js
FN:5,(anonymous_0)
FN:10,createUser
FN:11,(anonymous_2)
FN:23,createUser
FN:24,(anonymous_4)
FN:35,getAllTask
FN:36,(anonymous_6)
FN:49,(anonymous_7)
FN:50,(anonymous_8)
FN:60,(anonymous_9)
FN:61,(anonymous_10)
FNF:11
FNH:11
FNDA:2,(anonymous_0)
FNDA:1,createUser
FNDA:1,(anonymous_2)
FNDA:2,createUser
FNDA:2,(anonymous_4)
FNDA:2,getAllTask
FNDA:2,(anonymous_6)
FNDA:1,(anonymous_7)
FNDA:1,(anonymous_8)
FNDA:1,(anonymous_9)
FNDA:1,(anonymous_10)
DA:2,1
DA:5,1
DA:6,2
DA:7,2
DA:8,2
DA:10,1
DA:11,1
DA:13,1
DA:14,0
DA:15,0
DA:18,1
DA:19,1
DA:23,1
DA:24,2
DA:25,2
DA:26,1
DA:27,1
DA:30,1
DA:35,1
DA:36,2
DA:38,2
DA:39,1
DA:40,1
DA:43,1
DA:45,1
DA:49,1
DA:50,1
DA:51,1
DA:52,0
DA:53,0
DA:56,1
DA:60,1
DA:61,1
DA:63,1
DA:64,0
DA:65,0
DA:69,1
DA:74,1
LF:38
LH:32
BRDA:13,0,0,0
BRDA:13,0,1,1
BRDA:25,1,0,1
BRDA:25,1,1,1
BRDA:38,2,0,1
BRDA:38,2,1,1
BRDA:51,3,0,0
BRDA:51,3,1,1
BRDA:63,4,0,0
BRDA:63,4,1,1
BRF:10
BRH:7
end_of_record
TN:
SF:model/db.js
FN:13,(anonymous_0)
FNF:1
FNH:0
FNDA:0,(anonymous_0)
DA:3,0
DA:6,0
DA:13,0
DA:14,0
DA:17,0
LF:5
LH:0
BRDA:14,0,0,0
BRDA:14,0,1,0
BRF:2
BRH:0
end_of_record
TN:
SF:routes/approutes.js
FNF:0
FNH:0
DA:1,0
DA:2,0
DA:3,0
DA:6,0
DA:10,0
DA:15,0
LF:6
LH:0
BRF:0
BRH:0
end_of_record
